app/build/outputs/logs/manifest-merger-release-report.txt
-- Merging decision tree log ---
provider#android.support.v4.content.FileProvider
INJECTED from src/main/AndroidManifest.xml:37:9-45:20
	android:grantUriPermissions
		ADDED from src/main/AndroidManifest.xml:41:13-47
	android:authorities
		INJECTED from src/main/AndroidManifest.xml
		ADDED from src/main/AndroidManifest.xml:39:13-64
	android:exported
		ADDED from src/main/AndroidManifest.xml:40:13-37
	android:name
		ADDED from src/main/AndroidManifest.xml:38:13-67
manifest
ADDED from src/main/AndroidManifest.xml:2:1-107:12
INJECTED from src/main/AndroidManifest.xml:2:1-107:12
INJECTED from src/main/AndroidManifest.xml:2:1-107:12
INJECTED from src/main/AndroidManifest.xml:2:1-107:12
MERGED from [com.android.support:design:28.0.0] AndroidManifest.xml:17:1-24:12
MERGED from [com.android.support:appcompat-v7:28.0.0] AndroidManifest.xml:17:1-22:12
MERGED from [com.android.support:support-v4:28.0.0] AndroidManifest.xml:17:1-22:12
MERGED from [com.android.support.constraint:constraint-layout:1.1.3] AndroidManifest.xml:2:1-11:12
MERGED from [com.scwang.smartrefresh:SmartRefreshLayout:1.1.2] AndroidManifest.xml:2:1-17:12
MERGED from [com.github.bumptech.glide:glide:4.5.0] AndroidManifest.xml:2:1-13:12
MERGED from [com.makeramen:roundedimageview:2.3.0] AndroidManifest.xml:2:1-9:12
MERGED from [com.tencent.bugly:crashreport:3.1.0] AndroidManifest.xml:2:1-9:12
MERGED from [com.tencent.bugly:nativecrashreport:3.7.1] AndroidManifest.xml:2:1-9:12
MERGED from [:ADSuyiCore-3.0.0.0.04231:] AndroidManifest.xml:2:1-17:12
MERGED from [:msa_mdid_1.0.13:] AndroidManifest.xml:1:1-10:12
MERGED from [:AdmobileAdapter-4.4.1.0.04231:] AndroidManifest.xml:2:1-11:12
MERGED from [cn.admobiletop.adsuyi.ad.third:admobile:4.4.1] AndroidManifest.xml:2:1-55:12
MERGED from [:GdtAdapter-4.191.1061.0.04231:] AndroidManifest.xml:2:1-25:12
MERGED from [cn.admobiletop.adsuyi.ad.third:gdt:4.191.1061] AndroidManifest.xml:2:1-49:12
MERGED from [:ToutiaoAdapter-2.8.0.3.04231:] AndroidManifest.xml:2:1-27:12
MERGED from [cn.admobiletop.adsuyi.ad.third:toutiao:2.8.0.3] AndroidManifest.xml:2:1-117:12
MERGED from [:BaiduAdapter-5.85.0.0.04231:] AndroidManifest.xml:2:1-29:12
MERGED from [cn.admobiletop.adsuyi.ad.third:baidu:5.85] AndroidManifest.xml:2:1-20:12
MERGED from [:MintegralAdapter-10.2.41.0.04231:] AndroidManifest.xml:2:1-54:12
MERGED from [com.mintegral.msdk:videojs:10.2.41] AndroidManifest.xml:2:1-11:12
MERGED from [com.mintegral.msdk:mtgjscommon:10.2.41] AndroidManifest.xml:2:1-14:12
MERGED from [com.mintegral.msdk:playercommon:10.2.41] AndroidManifest.xml:2:1-15:12
MERGED from [com.mintegral.msdk:reward:10.2.41] AndroidManifest.xml:2:1-15:12
MERGED from [com.mintegral.msdk:videocommon:10.2.41] AndroidManifest.xml:2:1-15:12
MERGED from [com.mintegral.msdk:mtgdownloads:10.2.41] AndroidManifest.xml:2:1-14:12
MERGED from [com.mintegral.msdk:optimizedata:10.2.41] AndroidManifest.xml:2:1-11:12
MERGED from [com.mintegral.msdk:common:10.2.41] AndroidManifest.xml:2:1-15:12
MERGED from [com.mintegral.msdk:alphab:10.2.41] AndroidManifest.xml:2:1-14:12
MERGED from [com.mintegral.msdk:interstitialvideo:10.2.41] AndroidManifest.xml:2:1-11:12
MERGED from [com.mintegral.msdk:mtgnative:10.2.41] AndroidManifest.xml:2:1-15:12
MERGED from [com.mintegral.msdk:nativeex:10.2.41] AndroidManifest.xml:2:1-15:12
MERGED from [com.mintegral.msdk:interstitial:10.2.41] AndroidManifest.xml:2:1-15:12
MERGED from [com.mintegral.msdk:mtgbanner:10.2.41] AndroidManifest.xml:2:1-11:12
MERGED from [:InmobiAdapter-7.4.3.0.04231:] AndroidManifest.xml:2:1-36:12
MERGED from [cn.admobiletop.adsuyi.ad.third:inmobi:7.4.3] AndroidManifest.xml:2:1-11:12
MERGED from [com.android.support:animated-vector-drawable:28.0.0] AndroidManifest.xml:17:1-22:12
MERGED from [com.android.support:recyclerview-v7:28.0.0] AndroidManifest.xml:17:1-22:12
MERGED from [com.android.support:support-fragment:28.0.0] AndroidManifest.xml:17:1-22:12
MERGED from [com.android.support:support-core-ui:28.0.0] AndroidManifest.xml:17:1-22:12
MERGED from [com.android.support:support-core-utils:28.0.0] AndroidManifest.xml:17:1-22:12
MERGED from [com.android.support:support-vector-drawable:28.0.0] AndroidManifest.xml:17:1-22:12
MERGED from [com.android.support:support-media-compat:28.0.0] AndroidManifest.xml:17:1-22:12
MERGED from [com.android.support:transition:28.0.0] AndroidManifest.xml:17:1-22:12
MERGED from [com.android.support:loader:28.0.0] AndroidManifest.xml:17:1-22:12
MERGED from [com.android.support:viewpager:28.0.0] AndroidManifest.xml:17:1-22:12
MERGED from [com.android.support:coordinatorlayout:28.0.0] AndroidManifest.xml:17:1-22:12
MERGED from [com.android.support:drawerlayout:28.0.0] AndroidManifest.xml:17:1-22:12
MERGED from [com.android.support:slidingpanelayout:28.0.0] AndroidManifest.xml:17:1-22:12
MERGED from [com.android.support:customview:28.0.0] AndroidManifest.xml:17:1-22:12
MERGED from [com.android.support:swiperefreshlayout:28.0.0] AndroidManifest.xml:17:1-22:12
MERGED from [com.android.support:asynclayoutinflater:28.0.0] AndroidManifest.xml:17:1-22:12
MERGED from [com.android.support:support-compat:28.0.0] AndroidManifest.xml:17:1-24:12
MERGED from [com.android.support:versionedparcelable:28.0.0] AndroidManifest.xml:17:1-25:12
MERGED from [com.android.support:cursoradapter:28.0.0] AndroidManifest.xml:17:1-22:12
MERGED from [com.android.support:cardview-v7:28.0.0] AndroidManifest.xml:17:1-22:12
MERGED from [com.github.bumptech.glide:gifdecoder:4.5.0] AndroidManifest.xml:2:1-11:12
MERGED from [android.arch.lifecycle:runtime:1.1.1] AndroidManifest.xml:17:1-22:12
MERGED from [com.android.support:documentfile:28.0.0] AndroidManifest.xml:17:1-22:12
MERGED from [com.android.support:localbroadcastmanager:28.0.0] AndroidManifest.xml:17:1-22:12
MERGED from [com.android.support:print:28.0.0] AndroidManifest.xml:17:1-22:12
MERGED from [com.android.support:interpolator:28.0.0] AndroidManifest.xml:17:1-22:12
MERGED from [android.arch.lifecycle:livedata:1.1.1] AndroidManifest.xml:17:1-22:12
MERGED from [android.arch.lifecycle:livedata-core:1.1.1] AndroidManifest.xml:17:1-22:12
MERGED from [android.arch.core:runtime:1.1.1] AndroidManifest.xml:17:1-22:12
MERGED from [android.arch.lifecycle:viewmodel:1.1.1] AndroidManifest.xml:17:1-22:12
INJECTED from src/main/AndroidManifest.xml:2:1-107:12
INJECTED from src/main/AndroidManifest.xml:2:1-107:12
INJECTED from src/main/AndroidManifest.xml:2:1-107:12
	package
		ADDED from src/main/AndroidManifest.xml:3:5-40
		INJECTED from src/main/AndroidManifest.xml
		INJECTED from src/main/AndroidManifest.xml
	android:versionName
		INJECTED from src/main/AndroidManifest.xml
		ADDED from src/main/AndroidManifest.xml:2:1-107:12
		INJECTED from src/main/AndroidManifest.xml
	android:versionCode
		INJECTED from src/main/AndroidManifest.xml
		ADDED from src/main/AndroidManifest.xml:2:1-107:12
		INJECTED from src/main/AndroidManifest.xml
	xmlns:android
		ADDED from src/main/AndroidManifest.xml:2:11-69
uses-permission#android.permission.INTERNET
ADDED from src/main/AndroidManifest.xml:6:5-67
MERGED from [:ADSuyiCore-3.0.0.0.04231:] AndroidManifest.xml:12:5-67
MERGED from [:ADSuyiCore-3.0.0.0.04231:] AndroidManifest.xml:12:5-67
MERGED from [:msa_mdid_1.0.13:] AndroidManifest.xml:6:5-67
MERGED from [:msa_mdid_1.0.13:] AndroidManifest.xml:6:5-67
MERGED from [cn.admobiletop.adsuyi.ad.third:admobile:4.4.1] AndroidManifest.xml:12:5-67
MERGED from [cn.admobiletop.adsuyi.ad.third:admobile:4.4.1] AndroidManifest.xml:12:5-67
MERGED from [cn.admobiletop.adsuyi.ad.third:gdt:4.191.1061] AndroidManifest.xml:12:5-67
MERGED from [cn.admobiletop.adsuyi.ad.third:gdt:4.191.1061] AndroidManifest.xml:12:5-67
MERGED from [cn.admobiletop.adsuyi.ad.third:toutiao:2.8.0.3] AndroidManifest.xml:20:5-67
MERGED from [cn.admobiletop.adsuyi.ad.third:toutiao:2.8.0.3] AndroidManifest.xml:20:5-67
	android:name
		ADDED from src/main/AndroidManifest.xml:6:22-64
uses-permission#android.permission.WRITE_EXTERNAL_STORAGE
ADDED from src/main/AndroidManifest.xml:7:5-81
MERGED from [:ADSuyiCore-3.0.0.0.04231:] AndroidManifest.xml:13:5-81
MERGED from [:ADSuyiCore-3.0.0.0.04231:] AndroidManifest.xml:13:5-81
MERGED from [cn.admobiletop.adsuyi.ad.third:admobile:4.4.1] AndroidManifest.xml:13:5-81
MERGED from [cn.admobiletop.adsuyi.ad.third:admobile:4.4.1] AndroidManifest.xml:13:5-81
MERGED from [cn.admobiletop.adsuyi.ad.third:toutiao:2.8.0.3] AndroidManifest.xml:14:5-81
MERGED from [cn.admobiletop.adsuyi.ad.third:toutiao:2.8.0.3] AndroidManifest.xml:14:5-81
	android:name
		ADDED from src/main/AndroidManifest.xml:7:22-78
uses-permission#android.permission.READ_EXTERNAL_STORAGE
ADDED from src/main/AndroidManifest.xml:8:5-80
MERGED from [:ADSuyiCore-3.0.0.0.04231:] AndroidManifest.xml:14:5-80
MERGED from [:ADSuyiCore-3.0.0.0.04231:] AndroidManifest.xml:14:5-80
MERGED from [cn.admobiletop.adsuyi.ad.third:admobile:4.4.1] AndroidManifest.xml:14:5-80
MERGED from [cn.admobiletop.adsuyi.ad.third:admobile:4.4.1] AndroidManifest.xml:14:5-80
MERGED from [cn.admobiletop.adsuyi.ad.third:toutiao:2.8.0.3] AndroidManifest.xml:16:5-88
	android:name
		ADDED from src/main/AndroidManifest.xml:8:22-77
uses-permission#android.permission.REQUEST_INSTALL_PACKAGES
ADDED from src/main/AndroidManifest.xml:9:5-83
MERGED from [:ADSuyiCore-3.0.0.0.04231:] AndroidManifest.xml:15:5-83
MERGED from [:ADSuyiCore-3.0.0.0.04231:] AndroidManifest.xml:15:5-83
MERGED from [cn.admobiletop.adsuyi.ad.third:admobile:4.4.1] AndroidManifest.xml:15:5-83
MERGED from [cn.admobiletop.adsuyi.ad.third:admobile:4.4.1] AndroidManifest.xml:15:5-83
MERGED from [cn.admobiletop.adsuyi.ad.third:gdt:4.191.1061] AndroidManifest.xml:11:5-83
MERGED from [cn.admobiletop.adsuyi.ad.third:gdt:4.191.1061] AndroidManifest.xml:11:5-83
	android:name
		ADDED from src/main/AndroidManifest.xml:9:22-80
uses-permission#android.permission.READ_PHONE_STATE
ADDED from src/main/AndroidManifest.xml:12:5-75
MERGED from [:msa_mdid_1.0.13:] AndroidManifest.xml:5:5-75
MERGED from [:msa_mdid_1.0.13:] AndroidManifest.xml:5:5-75
MERGED from [cn.admobiletop.adsuyi.ad.third:toutiao:2.8.0.3] AndroidManifest.xml:18:5-75
MERGED from [cn.admobiletop.adsuyi.ad.third:toutiao:2.8.0.3] AndroidManifest.xml:18:5-75
	android:name
		ADDED from src/main/AndroidManifest.xml:12:22-72
uses-permission#android.permission.ACCESS_WIFI_STATE
ADDED from src/main/AndroidManifest.xml:13:5-76
MERGED from [cn.admobiletop.adsuyi.ad.third:gdt:4.191.1061] AndroidManifest.xml:14:5-76
MERGED from [cn.admobiletop.adsuyi.ad.third:gdt:4.191.1061] AndroidManifest.xml:14:5-76
MERGED from [cn.admobiletop.adsuyi.ad.third:toutiao:2.8.0.3] AndroidManifest.xml:19:5-76
MERGED from [cn.admobiletop.adsuyi.ad.third:toutiao:2.8.0.3] AndroidManifest.xml:19:5-76
	android:name
		ADDED from src/main/AndroidManifest.xml:13:22-73
uses-permission#android.permission.ACCESS_NETWORK_STATE
ADDED from src/main/AndroidManifest.xml:14:5-79
MERGED from [:msa_mdid_1.0.13:] AndroidManifest.xml:4:5-79
MERGED from [:msa_mdid_1.0.13:] AndroidManifest.xml:4:5-79
MERGED from [:GdtAdapter-4.191.1061.0.04231:] AndroidManifest.xml:11:5-79
MERGED from [:GdtAdapter-4.191.1061.0.04231:] AndroidManifest.xml:11:5-79
MERGED from [cn.admobiletop.adsuyi.ad.third:gdt:4.191.1061] AndroidManifest.xml:13:5-79
MERGED from [cn.admobiletop.adsuyi.ad.third:gdt:4.191.1061] AndroidManifest.xml:13:5-79
MERGED from [cn.admobiletop.adsuyi.ad.third:toutiao:2.8.0.3] AndroidManifest.xml:13:5-79
MERGED from [cn.admobiletop.adsuyi.ad.third:toutiao:2.8.0.3] AndroidManifest.xml:13:5-79
	android:name
		ADDED from src/main/AndroidManifest.xml:14:22-76
uses-permission#android.permission.ACCESS_FINE_LOCATION
ADDED from src/main/AndroidManifest.xml:17:5-79
	android:name
		ADDED from src/main/AndroidManifest.xml:17:22-76
uses-permission#android.permission.ACCESS_COARSE_LOCATION
ADDED from src/main/AndroidManifest.xml:18:5-81
	android:name
		ADDED from src/main/AndroidManifest.xml:18:22-78
uses-permission#android.permission.WAKE_LOCK
ADDED from src/main/AndroidManifest.xml:21:5-68
	android:name
		ADDED from src/main/AndroidManifest.xml:21:22-65
application
ADDED from src/main/AndroidManifest.xml:23:5-105:19
MERGED from [com.android.support:design:28.0.0] AndroidManifest.xml:22:5-20
MERGED from [com.android.support:design:28.0.0] AndroidManifest.xml:22:5-20
MERGED from [com.android.support.constraint:constraint-layout:1.1.3] AndroidManifest.xml:9:5-20
MERGED from [com.android.support.constraint:constraint-layout:1.1.3] AndroidManifest.xml:9:5-20
MERGED from [com.scwang.smartrefresh:SmartRefreshLayout:1.1.2] AndroidManifest.xml:11:5-15:19
MERGED from [com.scwang.smartrefresh:SmartRefreshLayout:1.1.2] AndroidManifest.xml:11:5-15:19
MERGED from [com.github.bumptech.glide:glide:4.5.0] AndroidManifest.xml:11:5-20
MERGED from [com.github.bumptech.glide:glide:4.5.0] AndroidManifest.xml:11:5-20
MERGED from [cn.admobiletop.adsuyi.ad.third:admobile:4.4.1] AndroidManifest.xml:17:5-53:19
MERGED from [cn.admobiletop.adsuyi.ad.third:admobile:4.4.1] AndroidManifest.xml:17:5-53:19
MERGED from [:GdtAdapter-4.191.1061.0.04231:] AndroidManifest.xml:13:5-23:19
MERGED from [:GdtAdapter-4.191.1061.0.04231:] AndroidManifest.xml:13:5-23:19
MERGED from [cn.admobiletop.adsuyi.ad.third:gdt:4.191.1061] AndroidManifest.xml:16:5-47:19
MERGED from [cn.admobiletop.adsuyi.ad.third:gdt:4.191.1061] AndroidManifest.xml:16:5-47:19
MERGED from [:ToutiaoAdapter-2.8.0.3.04231:] AndroidManifest.xml:11:5-25:19
MERGED from [:ToutiaoAdapter-2.8.0.3.04231:] AndroidManifest.xml:11:5-25:19
MERGED from [cn.admobiletop.adsuyi.ad.third:toutiao:2.8.0.3] AndroidManifest.xml:22:5-115:19
MERGED from [cn.admobiletop.adsuyi.ad.third:toutiao:2.8.0.3] AndroidManifest.xml:22:5-115:19
MERGED from [:BaiduAdapter-5.85.0.0.04231:] AndroidManifest.xml:12:5-27:19
MERGED from [:BaiduAdapter-5.85.0.0.04231:] AndroidManifest.xml:12:5-27:19
MERGED from [cn.admobiletop.adsuyi.ad.third:baidu:5.85] AndroidManifest.xml:11:5-18:19
MERGED from [cn.admobiletop.adsuyi.ad.third:baidu:5.85] AndroidManifest.xml:11:5-18:19
MERGED from [:MintegralAdapter-10.2.41.0.04231:] AndroidManifest.xml:11:5-52:19
MERGED from [:MintegralAdapter-10.2.41.0.04231:] AndroidManifest.xml:11:5-52:19
MERGED from [com.mintegral.msdk:mtgjscommon:10.2.41] AndroidManifest.xml:11:5-12:19
MERGED from [com.mintegral.msdk:mtgjscommon:10.2.41] AndroidManifest.xml:11:5-12:19
MERGED from [com.mintegral.msdk:playercommon:10.2.41] AndroidManifest.xml:12:5-13:19
MERGED from [com.mintegral.msdk:playercommon:10.2.41] AndroidManifest.xml:12:5-13:19
MERGED from [com.mintegral.msdk:reward:10.2.41] AndroidManifest.xml:12:5-13:19
MERGED from [com.mintegral.msdk:reward:10.2.41] AndroidManifest.xml:12:5-13:19
MERGED from [com.mintegral.msdk:videocommon:10.2.41] AndroidManifest.xml:12:5-13:19
MERGED from [com.mintegral.msdk:videocommon:10.2.41] AndroidManifest.xml:12:5-13:19
MERGED from [com.mintegral.msdk:mtgdownloads:10.2.41] AndroidManifest.xml:11:5-12:19
MERGED from [com.mintegral.msdk:mtgdownloads:10.2.41] AndroidManifest.xml:11:5-12:19
MERGED from [com.mintegral.msdk:common:10.2.41] AndroidManifest.xml:12:5-13:19
MERGED from [com.mintegral.msdk:common:10.2.41] AndroidManifest.xml:12:5-13:19
MERGED from [com.mintegral.msdk:alphab:10.2.41] AndroidManifest.xml:11:5-12:19
MERGED from [com.mintegral.msdk:alphab:10.2.41] AndroidManifest.xml:11:5-12:19
MERGED from [com.mintegral.msdk:mtgnative:10.2.41] AndroidManifest.xml:12:5-13:19
MERGED from [com.mintegral.msdk:mtgnative:10.2.41] AndroidManifest.xml:12:5-13:19
MERGED from [com.mintegral.msdk:nativeex:10.2.41] AndroidManifest.xml:12:5-13:19
MERGED from [com.mintegral.msdk:nativeex:10.2.41] AndroidManifest.xml:12:5-13:19
MERGED from [com.mintegral.msdk:interstitial:10.2.41] AndroidManifest.xml:12:5-13:19
MERGED from [com.mintegral.msdk:interstitial:10.2.41] AndroidManifest.xml:12:5-13:19
MERGED from [:InmobiAdapter-7.4.3.0.04231:] AndroidManifest.xml:12:5-34:19
MERGED from [:InmobiAdapter-7.4.3.0.04231:] AndroidManifest.xml:12:5-34:19
MERGED from [com.android.support:support-compat:28.0.0] AndroidManifest.xml:22:5-94
MERGED from [com.android.support:support-compat:28.0.0] AndroidManifest.xml:22:5-94
MERGED from [com.android.support:versionedparcelable:28.0.0] AndroidManifest.xml:22:5-23:19
MERGED from [com.android.support:versionedparcelable:28.0.0] AndroidManifest.xml:22:5-23:19
MERGED from [com.github.bumptech.glide:gifdecoder:4.5.0] AndroidManifest.xml:9:5-20
MERGED from [com.github.bumptech.glide:gifdecoder:4.5.0] AndroidManifest.xml:9:5-20
	android:appComponentFactory
		ADDED from [com.android.support:support-compat:28.0.0] AndroidManifest.xml:22:18-91
	android:supportsRtl
		ADDED from src/main/AndroidManifest.xml:29:9-35
	android:label
		ADDED from src/main/AndroidManifest.xml:27:9-41
	android:roundIcon
		ADDED from src/main/AndroidManifest.xml:28:9-47
	android:icon
		ADDED from src/main/AndroidManifest.xml:26:9-42
	android:allowBackup
		ADDED from src/main/AndroidManifest.xml:25:9-35
	android:theme
		ADDED from src/main/AndroidManifest.xml:30:9-40
	android:usesCleartextTraffic
		ADDED from src/main/AndroidManifest.xml:31:9-44
	android:name
		ADDED from src/main/AndroidManifest.xml:24:9-42
uses-library#org.apache.http.legacy
ADDED from src/main/AndroidManifest.xml:33:9-35:40
	android:required
		ADDED from src/main/AndroidManifest.xml:35:13-37
	android:name
		ADDED from src/main/AndroidManifest.xml:34:13-50
activity#cn.admobiletop.adsuyidemo.activity.SplashAdActivity
ADDED from src/main/AndroidManifest.xml:47:9-56:20
	android:screenOrientation
		ADDED from src/main/AndroidManifest.xml:49:13-49
	android:theme
		ADDED from src/main/AndroidManifest.xml:50:13-42
	android:name
		ADDED from src/main/AndroidManifest.xml:48:13-54
intent-filter#action:name:android.intent.action.MAIN+category:name:android.intent.category.LAUNCHER
ADDED from src/main/AndroidManifest.xml:51:13-55:29
action#android.intent.action.MAIN
ADDED from src/main/AndroidManifest.xml:52:17-69
	android:name
		ADDED from src/main/AndroidManifest.xml:52:25-66
category#android.intent.category.LAUNCHER
ADDED from src/main/AndroidManifest.xml:54:17-77
	android:name
		ADDED from src/main/AndroidManifest.xml:54:27-74
activity#cn.admobiletop.adsuyidemo.activity.MainActivity
ADDED from src/main/AndroidManifest.xml:58:9-61:52
	android:screenOrientation
		ADDED from src/main/AndroidManifest.xml:61:13-49
	android:launchMode
		ADDED from src/main/AndroidManifest.xml:60:13-44
	android:name
		ADDED from src/main/AndroidManifest.xml:59:13-50
activity#cn.admobiletop.adsuyidemo.activity.BannerAdActivity
ADDED from src/main/AndroidManifest.xml:63:9-66:52
	android:screenOrientation
		ADDED from src/main/AndroidManifest.xml:66:13-49
	android:label
		ADDED from src/main/AndroidManifest.xml:65:13-46
	android:name
		ADDED from src/main/AndroidManifest.xml:64:13-54
activity#cn.admobiletop.adsuyidemo.activity.RewardVodAdActivity
ADDED from src/main/AndroidManifest.xml:68:9-71:52
	android:screenOrientation
		ADDED from src/main/AndroidManifest.xml:71:13-49
	android:label
		ADDED from src/main/AndroidManifest.xml:70:13-50
	android:name
		ADDED from src/main/AndroidManifest.xml:69:13-57
activity#cn.admobiletop.adsuyidemo.activity.FullScreenVodAdActivity
ADDED from src/main/AndroidManifest.xml:73:9-76:52
	android:screenOrientation
		ADDED from src/main/AndroidManifest.xml:76:13-49
	android:label
		ADDED from src/main/AndroidManifest.xml:75:13-55
	android:name
		ADDED from src/main/AndroidManifest.xml:74:13-61
activity#cn.admobiletop.adsuyidemo.activity.InterstitialAdActivity
ADDED from src/main/AndroidManifest.xml:78:9-81:52
	android:screenOrientation
		ADDED from src/main/AndroidManifest.xml:81:13-49
	android:label
		ADDED from src/main/AndroidManifest.xml:80:13-52
	android:name
		ADDED from src/main/AndroidManifest.xml:79:13-60
activity#cn.admobiletop.adsuyidemo.activity.NativeAdActivity
ADDED from src/main/AndroidManifest.xml:83:9-87:52
	android:screenOrientation
		ADDED from src/main/AndroidManifest.xml:87:13-49
	android:label
		ADDED from src/main/AndroidManifest.xml:86:13-46
	android:configChanges
		ADDED from src/main/AndroidManifest.xml:85:13-83
	android:name
		ADDED from src/main/AndroidManifest.xml:84:13-54
activity#cn.admobiletop.adsuyidemo.activity.DrawVodActivity
ADDED from src/main/AndroidManifest.xml:89:9-93:52
	android:screenOrientation
		ADDED from src/main/AndroidManifest.xml:93:13-49
	android:label
		ADDED from src/main/AndroidManifest.xml:92:13-48
	android:configChanges
		ADDED from src/main/AndroidManifest.xml:91:13-83
	android:name
		ADDED from src/main/AndroidManifest.xml:90:13-53
activity#cn.admobiletop.adsuyidemo.activity.FragmentActivity
ADDED from src/main/AndroidManifest.xml:95:9-99:52
	android:screenOrientation
		ADDED from src/main/AndroidManifest.xml:99:13-49
	android:label
		ADDED from src/main/AndroidManifest.xml:98:13-54
	android:configChanges
		ADDED from src/main/AndroidManifest.xml:97:13-83
	android:name
		ADDED from src/main/AndroidManifest.xml:96:13-54
activity#cn.admobiletop.adsuyidemo.activity.SettingActivity
ADDED from src/main/AndroidManifest.xml:101:9-104:52
	android:screenOrientation
		ADDED from src/main/AndroidManifest.xml:104:13-49
	android:label
		ADDED from src/main/AndroidManifest.xml:103:13-44
	android:name
		ADDED from src/main/AndroidManifest.xml:102:13-53
uses-sdk
INJECTED from src/main/AndroidManifest.xml reason: use-sdk injection requested
INJECTED from src/main/AndroidManifest.xml
INJECTED from src/main/AndroidManifest.xml
MERGED from [com.android.support:design:28.0.0] AndroidManifest.xml:20:5-44
MERGED from [com.android.support:design:28.0.0] AndroidManifest.xml:20:5-44
MERGED from [com.android.support:appcompat-v7:28.0.0] AndroidManifest.xml:20:5-44
MERGED from [com.android.support:appcompat-v7:28.0.0] AndroidManifest.xml:20:5-44
MERGED from [com.android.support:support-v4:28.0.0] AndroidManifest.xml:20:5-44
MERGED from [com.android.support:support-v4:28.0.0] AndroidManifest.xml:20:5-44
MERGED from [com.android.support.constraint:constraint-layout:1.1.3] AndroidManifest.xml:5:5-7:41
MERGED from [com.android.support.constraint:constraint-layout:1.1.3] AndroidManifest.xml:5:5-7:41
MERGED from [com.scwang.smartrefresh:SmartRefreshLayout:1.1.2] AndroidManifest.xml:7:5-9:41
MERGED from [com.scwang.smartrefresh:SmartRefreshLayout:1.1.2] AndroidManifest.xml:7:5-9:41
MERGED from [com.github.bumptech.glide:glide:4.5.0] AndroidManifest.xml:7:5-9:41
MERGED from [com.github.bumptech.glide:glide:4.5.0] AndroidManifest.xml:7:5-9:41
MERGED from [com.makeramen:roundedimageview:2.3.0] AndroidManifest.xml:7:5-43
MERGED from [com.makeramen:roundedimageview:2.3.0] AndroidManifest.xml:7:5-43
MERGED from [com.tencent.bugly:crashreport:3.1.0] AndroidManifest.xml:5:5-7:41
MERGED from [com.tencent.bugly:crashreport:3.1.0] AndroidManifest.xml:5:5-7:41
MERGED from [com.tencent.bugly:nativecrashreport:3.7.1] AndroidManifest.xml:5:5-7:41
MERGED from [com.tencent.bugly:nativecrashreport:3.7.1] AndroidManifest.xml:5:5-7:41
MERGED from [:ADSuyiCore-3.0.0.0.04231:] AndroidManifest.xml:7:5-9:41
MERGED from [:ADSuyiCore-3.0.0.0.04231:] AndroidManifest.xml:7:5-9:41
MERGED from [:AdmobileAdapter-4.4.1.0.04231:] AndroidManifest.xml:7:5-9:41
MERGED from [:AdmobileAdapter-4.4.1.0.04231:] AndroidManifest.xml:7:5-9:41
MERGED from [cn.admobiletop.adsuyi.ad.third:admobile:4.4.1] AndroidManifest.xml:7:5-9:41
MERGED from [cn.admobiletop.adsuyi.ad.third:admobile:4.4.1] AndroidManifest.xml:7:5-9:41
MERGED from [:GdtAdapter-4.191.1061.0.04231:] AndroidManifest.xml:7:5-9:41
MERGED from [:GdtAdapter-4.191.1061.0.04231:] AndroidManifest.xml:7:5-9:41
MERGED from [cn.admobiletop.adsuyi.ad.third:gdt:4.191.1061] AndroidManifest.xml:7:5-9:41
MERGED from [cn.admobiletop.adsuyi.ad.third:gdt:4.191.1061] AndroidManifest.xml:7:5-9:41
MERGED from [:ToutiaoAdapter-2.8.0.3.04231:] AndroidManifest.xml:7:5-9:41
MERGED from [:ToutiaoAdapter-2.8.0.3.04231:] AndroidManifest.xml:7:5-9:41
MERGED from [cn.admobiletop.adsuyi.ad.third:toutiao:2.8.0.3] AndroidManifest.xml:8:5-11:591
MERGED from [cn.admobiletop.adsuyi.ad.third:toutiao:2.8.0.3] AndroidManifest.xml:8:5-11:591
MERGED from [:BaiduAdapter-5.85.0.0.04231:] AndroidManifest.xml:8:5-10:41
MERGED from [:BaiduAdapter-5.85.0.0.04231:] AndroidManifest.xml:8:5-10:41
MERGED from [cn.admobiletop.adsuyi.ad.third:baidu:5.85] AndroidManifest.xml:7:5-9:41
MERGED from [cn.admobiletop.adsuyi.ad.third:baidu:5.85] AndroidManifest.xml:7:5-9:41
MERGED from [:MintegralAdapter-10.2.41.0.04231:] AndroidManifest.xml:7:5-9:41
MERGED from [:MintegralAdapter-10.2.41.0.04231:] AndroidManifest.xml:7:5-9:41
MERGED from [com.mintegral.msdk:videojs:10.2.41] AndroidManifest.xml:7:5-9:41
MERGED from [com.mintegral.msdk:videojs:10.2.41] AndroidManifest.xml:7:5-9:41
MERGED from [com.mintegral.msdk:mtgjscommon:10.2.41] AndroidManifest.xml:7:5-9:41
MERGED from [com.mintegral.msdk:mtgjscommon:10.2.41] AndroidManifest.xml:7:5-9:41
MERGED from [com.mintegral.msdk:playercommon:10.2.41] AndroidManifest.xml:8:5-10:41
MERGED from [com.mintegral.msdk:playercommon:10.2.41] AndroidManifest.xml:8:5-10:41
MERGED from [com.mintegral.msdk:reward:10.2.41] AndroidManifest.xml:8:5-10:41
MERGED from [com.mintegral.msdk:reward:10.2.41] AndroidManifest.xml:8:5-10:41
MERGED from [com.mintegral.msdk:videocommon:10.2.41] AndroidManifest.xml:8:5-10:41
MERGED from [com.mintegral.msdk:videocommon:10.2.41] AndroidManifest.xml:8:5-10:41
MERGED from [com.mintegral.msdk:mtgdownloads:10.2.41] AndroidManifest.xml:7:5-9:41
MERGED from [com.mintegral.msdk:mtgdownloads:10.2.41] AndroidManifest.xml:7:5-9:41
MERGED from [com.mintegral.msdk:optimizedata:10.2.41] AndroidManifest.xml:7:5-9:41
MERGED from [com.mintegral.msdk:optimizedata:10.2.41] AndroidManifest.xml:7:5-9:41
MERGED from [com.mintegral.msdk:common:10.2.41] AndroidManifest.xml:8:5-10:41
MERGED from [com.mintegral.msdk:common:10.2.41] AndroidManifest.xml:8:5-10:41
MERGED from [com.mintegral.msdk:alphab:10.2.41] AndroidManifest.xml:7:5-9:41
MERGED from [com.mintegral.msdk:alphab:10.2.41] AndroidManifest.xml:7:5-9:41
MERGED from [com.mintegral.msdk:interstitialvideo:10.2.41] AndroidManifest.xml:7:5-9:41
MERGED from [com.mintegral.msdk:interstitialvideo:10.2.41] AndroidManifest.xml:7:5-9:41
MERGED from [com.mintegral.msdk:mtgnative:10.2.41] AndroidManifest.xml:8:5-10:41
MERGED from [com.mintegral.msdk:mtgnative:10.2.41] AndroidManifest.xml:8:5-10:41
MERGED from [com.mintegral.msdk:nativeex:10.2.41] AndroidManifest.xml:8:5-10:41
MERGED from [com.mintegral.msdk:nativeex:10.2.41] AndroidManifest.xml:8:5-10:41
MERGED from [com.mintegral.msdk:interstitial:10.2.41] AndroidManifest.xml:8:5-10:41
MERGED from [com.mintegral.msdk:interstitial:10.2.41] AndroidManifest.xml:8:5-10:41
MERGED from [com.mintegral.msdk:mtgbanner:10.2.41] AndroidManifest.xml:7:5-9:41
MERGED from [com.mintegral.msdk:mtgbanner:10.2.41] AndroidManifest.xml:7:5-9:41
MERGED from [:InmobiAdapter-7.4.3.0.04231:] AndroidManifest.xml:8:5-10:41
MERGED from [:InmobiAdapter-7.4.3.0.04231:] AndroidManifest.xml:8:5-10:41
MERGED from [cn.admobiletop.adsuyi.ad.third:inmobi:7.4.3] AndroidManifest.xml:7:5-9:41
MERGED from [cn.admobiletop.adsuyi.ad.third:inmobi:7.4.3] AndroidManifest.xml:7:5-9:41
MERGED from [com.android.support:animated-vector-drawable:28.0.0] AndroidManifest.xml:20:5-44
MERGED from [com.android.support:animated-vector-drawable:28.0.0] AndroidManifest.xml:20:5-44
MERGED from [com.android.support:recyclerview-v7:28.0.0] AndroidManifest.xml:20:5-44
MERGED from [com.android.support:recyclerview-v7:28.0.0] AndroidManifest.xml:20:5-44
MERGED from [com.android.support:support-fragment:28.0.0] AndroidManifest.xml:20:5-44
MERGED from [com.android.support:support-fragment:28.0.0] AndroidManifest.xml:20:5-44
MERGED from [com.android.support:support-core-ui:28.0.0] AndroidManifest.xml:20:5-44
MERGED from [com.android.support:support-core-ui:28.0.0] AndroidManifest.xml:20:5-44
MERGED from [com.android.support:support-core-utils:28.0.0] AndroidManifest.xml:20:5-44
MERGED from [com.android.support:support-core-utils:28.0.0] AndroidManifest.xml:20:5-44
MERGED from [com.android.support:support-vector-drawable:28.0.0] AndroidManifest.xml:20:5-44
MERGED from [com.android.support:support-vector-drawable:28.0.0] AndroidManifest.xml:20:5-44
MERGED from [com.android.support:support-media-compat:28.0.0] AndroidManifest.xml:20:5-44
MERGED from [com.android.support:support-media-compat:28.0.0] AndroidManifest.xml:20:5-44
MERGED from [com.android.support:transition:28.0.0] AndroidManifest.xml:20:5-44
MERGED from [com.android.support:transition:28.0.0] AndroidManifest.xml:20:5-44
MERGED from [com.android.support:loader:28.0.0] AndroidManifest.xml:20:5-44
MERGED from [com.android.support:loader:28.0.0] AndroidManifest.xml:20:5-44
MERGED from [com.android.support:viewpager:28.0.0] AndroidManifest.xml:20:5-44
MERGED from [com.android.support:viewpager:28.0.0] AndroidManifest.xml:20:5-44
MERGED from [com.android.support:coordinatorlayout:28.0.0] AndroidManifest.xml:20:5-44
MERGED from [com.android.support:coordinatorlayout:28.0.0] AndroidManifest.xml:20:5-44
MERGED from [com.android.support:drawerlayout:28.0.0] AndroidManifest.xml:20:5-44
MERGED from [com.android.support:drawerlayout:28.0.0] AndroidManifest.xml:20:5-44
MERGED from [com.android.support:slidingpanelayout:28.0.0] AndroidManifest.xml:20:5-44
MERGED from [com.android.support:slidingpanelayout:28.0.0] AndroidManifest.xml:20:5-44
MERGED from [com.android.support:customview:28.0.0] AndroidManifest.xml:20:5-44
MERGED from [com.android.support:customview:28.0.0] AndroidManifest.xml:20:5-44
MERGED from [com.android.support:swiperefreshlayout:28.0.0] AndroidManifest.xml:20:5-44
MERGED from [com.android.support:swiperefreshlayout:28.0.0] AndroidManifest.xml:20:5-44
MERGED from [com.android.support:asynclayoutinflater:28.0.0] AndroidManifest.xml:20:5-44
MERGED from [com.android.support:asynclayoutinflater:28.0.0] AndroidManifest.xml:20:5-44
MERGED from [com.android.support:support-compat:28.0.0] AndroidManifest.xml:20:5-44